<?xml version="1.0" encoding="UTF-8"?>
<testsuite name="stringCalcurator.ApplicationTest" tests="1" skipped="0" failures="0" errors="0" timestamp="2022-02-21T06:35:37" hostname="soulchikin-ui-MacBookAir.local" time="0.009">
  <properties/>
  <testcase name="inputNull()" classname="stringCalcurator.ApplicationTest" time="0.009"/>
  <system-out><![CDATA[]]></system-out>
  <system-err><![CDATA[]]></system-err>
</testsuite>
