<?xml version="1.0" encoding="UTF-8"?>
<testsuite name="stringCalcurator.ApplicationTest" tests="4" skipped="0" failures="0" errors="0" timestamp="2022-02-21T07:50:44" hostname="soulchikin-ui-MacBookAir.local" time="0.018">
  <properties/>
  <testcase name="findCustom()" classname="stringCalcurator.ApplicationTest" time="0.015"/>
  <testcase name="main()" classname="stringCalcurator.ApplicationTest" time="0.0"/>
  <testcase name="inputNull()" classname="stringCalcurator.ApplicationTest" time="0.002"/>
  <testcase name="splitString()" classname="stringCalcurator.ApplicationTest" time="0.0"/>
  <system-out><![CDATA[]]></system-out>
  <system-err><![CDATA[]]></system-err>
</testsuite>
